<?xml version="1.0" encoding="UTF-8"?>
<testng-results ignored="0" total="1" passed="1" failed="0" skipped="0">
  <reporter-output>
  </reporter-output>
  <suite started-at="2023-07-16T20:18:27 IST" name="Default suite" finished-at="2023-07-16T20:18:57 IST" duration-ms="29689">
    <groups>
    </groups>
    <test started-at="2023-07-16T20:18:27 IST" name="Default test" finished-at="2023-07-16T20:18:57 IST" duration-ms="29689">
      <class name="TestCases.OrangeHRM_TestSuit_2">
        <test-method is-config="true" signature="LanchApp()[pri:0, instance:TestCases.OrangeHRM_TestSuit_2@12aba8be]" started-at="2023-07-16T20:18:22 IST" name="LanchApp" finished-at="2023-07-16T20:18:27 IST" duration-ms="5394" status="PASS">
          <reporter-output>
          </reporter-output>
        </test-method> <!-- LanchApp -->
        <test-method signature="CheckOrangeHM()[pri:0, instance:TestCases.OrangeHRM_TestSuit_2@12aba8be]" started-at="2023-07-16T20:18:27 IST" name="CheckOrangeHM" finished-at="2023-07-16T20:18:57 IST" duration-ms="29610" status="PASS">
          <reporter-output>
          </reporter-output>
        </test-method> <!-- CheckOrangeHM -->
        <test-method is-config="true" signature="CloseApp()[pri:0, instance:TestCases.OrangeHRM_TestSuit_2@12aba8be]" started-at="2023-07-16T20:18:57 IST" name="CloseApp" finished-at="2023-07-16T20:18:57 IST" duration-ms="219" status="PASS">
          <reporter-output>
          </reporter-output>
        </test-method> <!-- CloseApp -->
      </class> <!-- TestCases.OrangeHRM_TestSuit_2 -->
    </test> <!-- Default test -->
  </suite> <!-- Default suite -->
</testng-results>
